<?xml version="1.0" encoding="UTF-8"?>
<testng-results skipped="0" failed="0" total="1" passed="1">
  <reporter-output>
  </reporter-output>
  <suite name="Default suite" duration-ms="276599" started-at="2013-04-15T22:14:49Z" finished-at="2013-04-15T22:19:25Z">
    <groups>
      <group name="SPARQLQuery">
        <method signature="Testcase053SparqlQueryTest.Test()[pri:0, instance:com.project.automated.framework.sparqlquery.Testcase053SparqlQueryTest@4c331059]" name="Test" class="com.project.automated.framework.sparqlquery.Testcase053SparqlQueryTest"/>
      </group> <!-- SPARQLQuery -->
    </groups>
    <test name="Default test" duration-ms="276599" started-at="2013-04-15T22:14:49Z" finished-at="2013-04-15T22:19:25Z">
      <class name="com.project.automated.framework.sparqlquery.Testcase053SparqlQueryTest">
        <test-method status="PASS" signature="BeforeTest()[pri:0, instance:com.project.automated.framework.sparqlquery.Testcase053SparqlQueryTest@4c331059]" name="BeforeTest" is-config="true" duration-ms="30643" started-at="2013-04-15T15:14:49Z" finished-at="2013-04-15T15:15:19Z">
          <reporter-output>
          </reporter-output>
        </test-method> <!-- BeforeTest -->
        <test-method status="PASS" signature="Test()[pri:0, instance:com.project.automated.framework.sparqlquery.Testcase053SparqlQueryTest@4c331059]" name="Test" duration-ms="235865" started-at="2013-04-15T15:15:20Z" finished-at="2013-04-15T15:19:15Z">
          <reporter-output>
          </reporter-output>
        </test-method> <!-- Test -->
        <test-method status="PASS" signature="AfterTest()[pri:0, instance:com.project.automated.framework.sparqlquery.Testcase053SparqlQueryTest@4c331059]" name="AfterTest" is-config="true" duration-ms="10084" started-at="2013-04-15T15:19:15Z" finished-at="2013-04-15T15:19:25Z">
          <reporter-output>
          </reporter-output>
        </test-method> <!-- AfterTest -->
      </class> <!-- com.project.automated.framework.sparqlquery.Testcase053SparqlQueryTest -->
    </test> <!-- Default test -->
  </suite> <!-- Default suite -->
</testng-results>
