<?xml version="1.0" encoding="UTF-8"?>
<testng-results skipped="0" failed="0" total="1" passed="1">
  <reporter-output>
  </reporter-output>
  <suite name="Default suite" duration-ms="186" started-at="2013-03-19T21:04:41Z" finished-at="2013-03-19T21:04:41Z">
    <groups>
      <group name="sparqlquery">
        <method signature="Testcase001SparqlQueryTest.Test()[pri:0, instance:com.project.automated.framework.sparqlquery.Testcase001SparqlQueryTest@44d3db51]" name="Test" class="com.project.automated.framework.sparqlquery.Testcase001SparqlQueryTest"/>
      </group> <!-- sparqlquery -->
    </groups>
    <test name="Default test" duration-ms="186" started-at="2013-03-19T21:04:41Z" finished-at="2013-03-19T21:04:41Z">
      <class name="com.project.automated.framework.sparqlquery.Testcase001SparqlQueryTest">
        <test-method status="PASS" signature="Test()[pri:0, instance:com.project.automated.framework.sparqlquery.Testcase001SparqlQueryTest@44d3db51]" name="Test" duration-ms="178" started-at="2013-03-19T14:04:41Z" finished-at="2013-03-19T14:04:41Z">
          <reporter-output>
          </reporter-output>
        </test-method> <!-- Test -->
      </class> <!-- com.project.automated.framework.sparqlquery.Testcase001SparqlQueryTest -->
    </test> <!-- Default test -->
  </suite> <!-- Default suite -->
</testng-results>
