<?xml version="1.0" encoding="UTF-8" ?>
<testsuite failures="0" time="401.795" errors="0" skipped="0" tests="11" name="TestSuite">
  <properties>
[...]
</properties>
  <testcase time="7.176" classname="com.yarcdata.tests.automated.general.TestcaseGetEnvDetailsTest" name="Test"/>
  <testcase time="0.005" classname="com.yarcdata.tests.automated.general.TestcaseRemoveScreenshotsTest" name="Test"/>
  <testcase time="0.268" classname="com.yarcdata.tests.automated.general.TestcaseCaptureScreenshotTest" name="Test"/>
  <testcase time="25.348" classname="com.yarcdata.tests.automated.launchloginquit.TestcaseBrowserLaunchQuitTest" name="Test"/>
  <testcase time="37.816" classname="com.yarcdata.tests.automated.launchloginquit.TestcaseLaunchLoginUrikaTest" name="Test"/>
  <testcase time="48.049" classname="com.yarcdata.tests.automated.selecttabs.TestcaseSelectTabDashboardTest" name="Test"/>
  <testcase time="45.921" classname="com.yarcdata.tests.automated.selecttabs.TestcaseSelectTabManageDataTest" name="Test"/>
  <testcase time="67.13" classname="com.yarcdata.tests.automated.managedata.TestcaseSearchDataFileTest" name="Test"/>
  <testcase time="97.546" classname="com.yarcdata.tests.automated.managedata.TestcaseAddLocalDataFileTest" name="Test"/>
  <testcase time="72.536" classname="com.yarcdata.tests.automated.managedata.TestcaseDeleteDataFileTest" name="Test"/>
  <testcase time="0" classname="com.yarcdata.tests.automated.report.TestcaseSendReportTest" name="Test"/>
</testsuite>