<?xml version="1.0" encoding="UTF-8"?>
<testsuite hostname="automationserver" name="com.yarcdata.tests.automated.general.TestcaseCaptureScreenshotTest" tests="11" failures="0" timestamp="5 Nov 2012 18:22:14 GMT" time="401.816" errors="0">
  <testcase name="Test" time="6.975" classname="com.yarcdata.tests.automated.general.TestcaseGetEnvDetailsTest"/>
  <testcase name="Test" time="0.003" classname="com.yarcdata.tests.automated.general.TestcaseRemoveScreenshotsTest"/>
  <testcase name="Test" time="0.47" classname="com.yarcdata.tests.automated.general.TestcaseCaptureScreenshotTest"/>
  <testcase name="Test" time="25.348" classname="com.yarcdata.tests.automated.launchloginquit.TestcaseBrowserLaunchQuitTest"/>
  <testcase name="Test" time="37.816" classname="com.yarcdata.tests.automated.launchloginquit.TestcaseLaunchLoginUrikaTest"/>
  <testcase name="Test" time="48.049" classname="com.yarcdata.tests.automated.selecttabs.TestcaseSelectTabDashboardTest"/>
  <testcase name="Test" time="45.921" classname="com.yarcdata.tests.automated.selecttabs.TestcaseSelectTabManageDataTest"/>
  <testcase name="Test" time="67.13" classname="com.yarcdata.tests.automated.managedata.TestcaseSearchDataFileTest"/>
  <testcase name="Test" time="97.546" classname="com.yarcdata.tests.automated.managedata.TestcaseAddLocalDataFileTest"/>
  <testcase name="Test" time="72.536" classname="com.yarcdata.tests.automated.managedata.TestcaseDeleteDataFileTest"/>
  <testcase name="Test" time="0.0" classname="com.yarcdata.tests.automated.report.TestcaseSendReportTest"/>
</testsuite>
